==1416314== Memcheck, a memory error detector
==1416314== Copyright (C) 2002-2017, and GNU GPL'd, by Julian Seward et al.
==1416314== Using Valgrind-3.18.1 and LibVEX; rerun with -h for copyright info
==1416314== Command: ./bin/53shell
==1416314== Parent PID: 7
==1416314== 
==1416314== 
==1416314== HEAP SUMMARY:
==1416314==     in use at exit: 204,079 bytes in 221 blocks
==1416314==   total heap usage: 497 allocs, 276 frees, 228,486 bytes allocated
==1416314== 
==1416314== LEAK SUMMARY:
==1416314==    definitely lost: 0 bytes in 0 blocks
==1416314==    indirectly lost: 0 bytes in 0 blocks
==1416314==      possibly lost: 0 bytes in 0 blocks
==1416314==    still reachable: 204,079 bytes in 221 blocks
==1416314==         suppressed: 0 bytes in 0 blocks
==1416314== Rerun with --leak-check=full to see details of leaked memory
==1416314== 
==1416314== For lists of detected and suppressed errors, rerun with: -s
==1416314== ERROR SUMMARY: 0 errors from 0 contexts (suppressed: 0 from 0)
